<?xml version="1.0" encoding="UTF-8"?>
<!-- Generated by org.testng.reporters.JUnitXMLReporter -->
<testsuite hostname="DESKTOP-7IVDP17" name="Test" tests="3" failures="0" timestamp="11 Feb 2018 18:43:03 GMT" time="12.654" errors="0">
  <testcase name="launchBrowser" time="3.661" classname="com.Myproject.PageObjectModel.core.Core_Basic"/>
  <testcase name="Login_user" time="7.639" classname="testCase.Login_TC"/>
  <testcase name="pagetitle_verify" time="0.016" classname="testCase.Pagetitle_TC"/>
</testsuite> <!-- Test -->
