<?xml version="1.0" encoding="UTF-8"?>
<!-- Generated by org.testng.reporters.JUnitXMLReporter -->
<testsuite hostname="DESKTOP-7IVDP17" name="Log_in" tests="1" failures="1" timestamp="8 Feb 2018 03:12:47 GMT" time="0.057" errors="0">
  <testcase name="Login_user" time="0.025" classname="testCase.Login_TC">
    <failure type="java.lang.NullPointerException">
      <![CDATA[java.lang.NullPointerException
	at testCase.Login_TC.Login_user(Login_TC.java:36)
... Removed 24 stack frames]]>
    </failure>
  </testcase> <!-- Login_user -->
</testsuite> <!-- Log_in -->
